2026-02-04 08:40:54.803 [restartedMain] INFO  org.goden.svdemo.SvDemoApplication - Starting SvDemoApplication using Java 22.0.2 with PID 20500 (D:\GitLabProject\sv-demo\target\classes started by 13677 in D:\GitLabProject\sv-demo)
2026-02-04 08:40:54.809 [restartedMain] INFO  org.goden.svdemo.SvDemoApplication - No active profile set, falling back to 1 default profile: "default"
2026-02-04 08:40:55.724 [restartedMain] INFO  org.apache.coyote.http11.Http11NioProtocol - Initializing ProtocolHandler ["http-nio-8080"]
2026-02-04 08:40:55.725 [restartedMain] INFO  org.apache.catalina.core.StandardService - Starting service [Tomcat]
2026-02-04 08:40:55.726 [restartedMain] INFO  org.apache.catalina.core.StandardEngine - Starting Servlet engine: [Apache Tomcat/10.1.44]
2026-02-04 08:40:55.760 [restartedMain] INFO  org.apache.catalina.core.ContainerBase.[Tomcat].[localhost].[/] - Initializing Spring embedded WebApplicationContext
2026-02-04 08:40:56.116 [restartedMain] INFO  com.baomidou.mybatisplus.extension.spring.MybatisPlusApplicationContextAware - Register ApplicationContext instances org.springframework.boot.web.servlet.context.AnnotationConfigServletWebServerApplicationContext@3efb477a
2026-02-04 08:40:56.290 [restartedMain] INFO  org.apache.coyote.http11.Http11NioProtocol - Starting ProtocolHandler ["http-nio-8080"]
2026-02-04 08:40:56.307 [restartedMain] INFO  org.goden.svdemo.SvDemoApplication - Started SvDemoApplication in 1.904 seconds (process running for 2.759)
2026-02-04 08:41:14.938 [http-nio-8080-exec-5] INFO  org.apache.catalina.core.ContainerBase.[Tomcat].[localhost].[/] - Initializing Spring DispatcherServlet 'dispatcherServlet'
2026-02-04 08:42:40.083 [restartedMain] INFO  org.goden.svdemo.SvDemoApplication - Starting SvDemoApplication using Java 22.0.2 with PID 2584 (D:\GitLabProject\sv-demo\target\classes started by 13677 in D:\GitLabProject\sv-demo)
2026-02-04 08:42:40.087 [restartedMain] INFO  org.goden.svdemo.SvDemoApplication - No active profile set, falling back to 1 default profile: "default"
2026-02-04 08:42:40.772 [restartedMain] INFO  org.apache.coyote.http11.Http11NioProtocol - Initializing ProtocolHandler ["http-nio-8080"]
2026-02-04 08:42:40.773 [restartedMain] INFO  org.apache.catalina.core.StandardService - Starting service [Tomcat]
2026-02-04 08:42:40.774 [restartedMain] INFO  org.apache.catalina.core.StandardEngine - Starting Servlet engine: [Apache Tomcat/10.1.44]
2026-02-04 08:42:40.803 [restartedMain] INFO  org.apache.catalina.core.ContainerBase.[Tomcat].[localhost].[/] - Initializing Spring embedded WebApplicationContext
2026-02-04 08:42:41.146 [restartedMain] INFO  com.baomidou.mybatisplus.extension.spring.MybatisPlusApplicationContextAware - Register ApplicationContext instances org.springframework.boot.web.servlet.context.AnnotationConfigServletWebServerApplicationContext@48320d22
2026-02-04 08:42:41.293 [restartedMain] INFO  org.apache.coyote.http11.Http11NioProtocol - Starting ProtocolHandler ["http-nio-8080"]
2026-02-04 08:42:41.308 [restartedMain] INFO  org.goden.svdemo.SvDemoApplication - Started SvDemoApplication in 1.583 seconds (process running for 2.135)
2026-02-04 09:53:55.988 [http-nio-8080-exec-1] INFO  org.apache.catalina.core.ContainerBase.[Tomcat].[localhost].[/] - Initializing Spring DispatcherServlet 'dispatcherServlet'
2026-02-04 09:56:43.841 [tomcat-shutdown] INFO  org.apache.coyote.http11.Http11NioProtocol - Pausing ProtocolHandler ["http-nio-8080"]
2026-02-04 09:56:43.848 [Thread-5] INFO  org.apache.coyote.http11.Http11NioProtocol - Stopping ProtocolHandler ["http-nio-8080"]
2026-02-04 09:56:44.066 [restartedMain] INFO  org.goden.svdemo.SvDemoApplication - Starting SvDemoApplication using Java 22.0.2 with PID 2584 (D:\GitLabProject\sv-demo\target\classes started by 13677 in D:\GitLabProject\sv-demo)
2026-02-04 09:56:44.067 [restartedMain] INFO  org.goden.svdemo.SvDemoApplication - No active profile set, falling back to 1 default profile: "default"
2026-02-04 09:56:44.530 [restartedMain] INFO  org.apache.coyote.http11.Http11NioProtocol - Initializing ProtocolHandler ["http-nio-8080"]
2026-02-04 09:56:44.530 [restartedMain] INFO  org.apache.catalina.core.StandardService - Starting service [Tomcat]
2026-02-04 09:56:44.531 [restartedMain] INFO  org.apache.catalina.core.StandardEngine - Starting Servlet engine: [Apache Tomcat/10.1.44]
2026-02-04 09:56:44.559 [restartedMain] INFO  org.apache.catalina.core.ContainerBase.[Tomcat].[localhost].[/] - Initializing Spring embedded WebApplicationContext
2026-02-04 09:56:44.810 [restartedMain] INFO  com.baomidou.mybatisplus.extension.spring.MybatisPlusApplicationContextAware - Register ApplicationContext instances org.springframework.boot.web.servlet.context.AnnotationConfigServletWebServerApplicationContext@431e550a
2026-02-04 09:56:44.937 [restartedMain] INFO  org.apache.coyote.http11.Http11NioProtocol - Starting ProtocolHandler ["http-nio-8080"]
2026-02-04 09:56:44.948 [restartedMain] INFO  org.goden.svdemo.SvDemoApplication - Started SvDemoApplication in 0.984 seconds (process running for 4445.776)
2026-02-04 09:56:48.370 [tomcat-shutdown] INFO  org.apache.coyote.http11.Http11NioProtocol - Pausing ProtocolHandler ["http-nio-8080"]
2026-02-04 09:56:48.380 [Thread-7] INFO  org.apache.coyote.http11.Http11NioProtocol - Stopping ProtocolHandler ["http-nio-8080"]
2026-02-04 09:56:48.535 [restartedMain] INFO  org.goden.svdemo.SvDemoApplication - Starting SvDemoApplication using Java 22.0.2 with PID 2584 (D:\GitLabProject\sv-demo\target\classes started by 13677 in D:\GitLabProject\sv-demo)
2026-02-04 09:56:48.536 [restartedMain] INFO  org.goden.svdemo.SvDemoApplication - No active profile set, falling back to 1 default profile: "default"
2026-02-04 09:56:48.928 [restartedMain] INFO  org.apache.coyote.http11.Http11NioProtocol - Initializing ProtocolHandler ["http-nio-8080"]
2026-02-04 09:56:48.929 [restartedMain] INFO  org.apache.catalina.core.StandardService - Starting service [Tomcat]
2026-02-04 09:56:48.929 [restartedMain] INFO  org.apache.catalina.core.StandardEngine - Starting Servlet engine: [Apache Tomcat/10.1.44]
2026-02-04 09:56:48.954 [restartedMain] INFO  org.apache.catalina.core.ContainerBase.[Tomcat].[localhost].[/] - Initializing Spring embedded WebApplicationContext
2026-02-04 09:56:49.125 [restartedMain] INFO  com.baomidou.mybatisplus.extension.spring.MybatisPlusApplicationContextAware - Register ApplicationContext instances org.springframework.boot.web.servlet.context.AnnotationConfigServletWebServerApplicationContext@b208ee6
2026-02-04 09:56:49.210 [restartedMain] INFO  org.apache.coyote.http11.Http11NioProtocol - Starting ProtocolHandler ["http-nio-8080"]
2026-02-04 09:56:49.220 [restartedMain] INFO  org.goden.svdemo.SvDemoApplication - Started SvDemoApplication in 0.755 seconds (process running for 4450.048)
2026-02-04 09:57:48.480 [tomcat-shutdown] INFO  org.apache.coyote.http11.Http11NioProtocol - Pausing ProtocolHandler ["http-nio-8080"]
2026-02-04 09:57:48.482 [Thread-11] INFO  org.apache.coyote.http11.Http11NioProtocol - Stopping ProtocolHandler ["http-nio-8080"]
2026-02-04 09:57:48.531 [restartedMain] INFO  org.goden.svdemo.SvDemoApplication - Starting SvDemoApplication using Java 22.0.2 with PID 2584 (D:\GitLabProject\sv-demo\target\classes started by 13677 in D:\GitLabProject\sv-demo)
2026-02-04 09:57:48.532 [restartedMain] INFO  org.goden.svdemo.SvDemoApplication - No active profile set, falling back to 1 default profile: "default"
2026-02-04 09:57:48.649 [restartedMain] INFO  org.apache.coyote.http11.Http11NioProtocol - Initializing ProtocolHandler ["http-nio-8080"]
2026-02-04 09:57:48.649 [restartedMain] INFO  org.apache.catalina.core.StandardService - Starting service [Tomcat]
2026-02-04 09:57:48.650 [restartedMain] INFO  org.apache.catalina.core.StandardEngine - Starting Servlet engine: [Apache Tomcat/10.1.44]
2026-02-04 09:57:48.656 [restartedMain] INFO  org.apache.catalina.core.ContainerBase.[Tomcat].[localhost].[/] - Initializing Spring embedded WebApplicationContext
2026-02-04 09:57:48.705 [restartedMain] INFO  com.baomidou.mybatisplus.extension.spring.MybatisPlusApplicationContextAware - Register ApplicationContext instances org.springframework.boot.web.servlet.context.AnnotationConfigServletWebServerApplicationContext@555626f3
2026-02-04 09:57:48.729 [restartedMain] INFO  org.apache.coyote.http11.Http11NioProtocol - Starting ProtocolHandler ["http-nio-8080"]
2026-02-04 09:57:48.732 [restartedMain] INFO  org.goden.svdemo.SvDemoApplication - Started SvDemoApplication in 0.221 seconds (process running for 4509.559)
2026-02-04 09:57:50.150 [tomcat-shutdown] INFO  org.apache.coyote.http11.Http11NioProtocol - Pausing ProtocolHandler ["http-nio-8080"]
2026-02-04 09:57:50.152 [Thread-15] INFO  org.apache.coyote.http11.Http11NioProtocol - Stopping ProtocolHandler ["http-nio-8080"]
2026-02-04 09:57:50.194 [restartedMain] INFO  org.goden.svdemo.SvDemoApplication - Starting SvDemoApplication using Java 22.0.2 with PID 2584 (D:\GitLabProject\sv-demo\target\classes started by 13677 in D:\GitLabProject\sv-demo)
2026-02-04 09:57:50.195 [restartedMain] INFO  org.goden.svdemo.SvDemoApplication - No active profile set, falling back to 1 default profile: "default"
2026-02-04 09:57:50.285 [restartedMain] INFO  org.apache.coyote.http11.Http11NioProtocol - Initializing ProtocolHandler ["http-nio-8080"]
2026-02-04 09:57:50.285 [restartedMain] INFO  org.apache.catalina.core.StandardService - Starting service [Tomcat]
2026-02-04 09:57:50.286 [restartedMain] INFO  org.apache.catalina.core.StandardEngine - Starting Servlet engine: [Apache Tomcat/10.1.44]
2026-02-04 09:57:50.291 [restartedMain] INFO  org.apache.catalina.core.ContainerBase.[Tomcat].[localhost].[/] - Initializing Spring embedded WebApplicationContext
2026-02-04 09:57:50.337 [restartedMain] INFO  com.baomidou.mybatisplus.extension.spring.MybatisPlusApplicationContextAware - Register ApplicationContext instances org.springframework.boot.web.servlet.context.AnnotationConfigServletWebServerApplicationContext@3e85cb6e
2026-02-04 09:57:50.361 [restartedMain] INFO  org.apache.coyote.http11.Http11NioProtocol - Starting ProtocolHandler ["http-nio-8080"]
2026-02-04 09:57:50.365 [restartedMain] INFO  org.goden.svdemo.SvDemoApplication - Started SvDemoApplication in 0.188 seconds (process running for 4511.192)
2026-02-04 09:57:57.871 [tomcat-shutdown] INFO  org.apache.coyote.http11.Http11NioProtocol - Pausing ProtocolHandler ["http-nio-8080"]
2026-02-04 09:57:57.881 [Thread-19] INFO  org.apache.coyote.http11.Http11NioProtocol - Stopping ProtocolHandler ["http-nio-8080"]
2026-02-04 09:57:58.003 [restartedMain] INFO  org.goden.svdemo.SvDemoApplication - Starting SvDemoApplication using Java 22.0.2 with PID 2584 (D:\GitLabProject\sv-demo\target\classes started by 13677 in D:\GitLabProject\sv-demo)
2026-02-04 09:57:58.004 [restartedMain] INFO  org.goden.svdemo.SvDemoApplication - No active profile set, falling back to 1 default profile: "default"
2026-02-04 09:57:58.369 [restartedMain] INFO  org.apache.coyote.http11.Http11NioProtocol - Initializing ProtocolHandler ["http-nio-8080"]
2026-02-04 09:57:58.370 [restartedMain] INFO  org.apache.catalina.core.StandardService - Starting service [Tomcat]
2026-02-04 09:57:58.370 [restartedMain] INFO  org.apache.catalina.core.StandardEngine - Starting Servlet engine: [Apache Tomcat/10.1.44]
2026-02-04 09:57:58.396 [restartedMain] INFO  org.apache.catalina.core.ContainerBase.[Tomcat].[localhost].[/] - Initializing Spring embedded WebApplicationContext
2026-02-04 09:57:58.554 [restartedMain] INFO  com.baomidou.mybatisplus.extension.spring.MybatisPlusApplicationContextAware - Register ApplicationContext instances org.springframework.boot.web.servlet.context.AnnotationConfigServletWebServerApplicationContext@ec01946
2026-02-04 09:57:58.654 [restartedMain] INFO  org.apache.coyote.http11.Http11NioProtocol - Starting ProtocolHandler ["http-nio-8080"]
2026-02-04 09:57:58.664 [restartedMain] INFO  org.goden.svdemo.SvDemoApplication - Started SvDemoApplication in 0.722 seconds (process running for 4519.491)
2026-02-04 09:58:02.091 [tomcat-shutdown] INFO  org.apache.coyote.http11.Http11NioProtocol - Pausing ProtocolHandler ["http-nio-8080"]
2026-02-04 09:58:02.100 [Thread-23] INFO  org.apache.coyote.http11.Http11NioProtocol - Stopping ProtocolHandler ["http-nio-8080"]
2026-02-04 09:58:02.206 [restartedMain] INFO  org.goden.svdemo.SvDemoApplication - Starting SvDemoApplication using Java 22.0.2 with PID 2584 (D:\GitLabProject\sv-demo\target\classes started by 13677 in D:\GitLabProject\sv-demo)
2026-02-04 09:58:02.207 [restartedMain] INFO  org.goden.svdemo.SvDemoApplication - No active profile set, falling back to 1 default profile: "default"
2026-02-04 09:58:02.581 [restartedMain] INFO  org.apache.coyote.http11.Http11NioProtocol - Initializing ProtocolHandler ["http-nio-8080"]
2026-02-04 09:58:02.582 [restartedMain] INFO  org.apache.catalina.core.StandardService - Starting service [Tomcat]
2026-02-04 09:58:02.582 [restartedMain] INFO  org.apache.catalina.core.StandardEngine - Starting Servlet engine: [Apache Tomcat/10.1.44]
2026-02-04 09:58:02.607 [restartedMain] INFO  org.apache.catalina.core.ContainerBase.[Tomcat].[localhost].[/] - Initializing Spring embedded WebApplicationContext
2026-02-04 09:58:02.771 [restartedMain] INFO  com.baomidou.mybatisplus.extension.spring.MybatisPlusApplicationContextAware - Register ApplicationContext instances org.springframework.boot.web.servlet.context.AnnotationConfigServletWebServerApplicationContext@7f9bcbc0
2026-02-04 09:58:02.867 [restartedMain] INFO  org.apache.coyote.http11.Http11NioProtocol - Starting ProtocolHandler ["http-nio-8080"]
2026-02-04 09:58:02.878 [restartedMain] INFO  org.goden.svdemo.SvDemoApplication - Started SvDemoApplication in 0.729 seconds (process running for 4523.705)
2026-02-04 09:58:58.497 [http-nio-8080-exec-2] INFO  org.apache.catalina.core.ContainerBase.[Tomcat].[localhost].[/] - Initializing Spring DispatcherServlet 'dispatcherServlet'
2026-02-04 10:02:28.242 [restartedMain] INFO  org.goden.svdemo.SvDemoApplication - Starting SvDemoApplication using Java 22.0.2 with PID 23632 (D:\GitLabProject\sv-demo\target\classes started by 13677 in D:\GitLabProject\sv-demo)
2026-02-04 10:02:28.246 [restartedMain] INFO  org.goden.svdemo.SvDemoApplication - No active profile set, falling back to 1 default profile: "default"
2026-02-04 10:02:28.872 [restartedMain] INFO  org.apache.coyote.http11.Http11NioProtocol - Initializing ProtocolHandler ["http-nio-8080"]
2026-02-04 10:02:28.873 [restartedMain] INFO  org.apache.catalina.core.StandardService - Starting service [Tomcat]
2026-02-04 10:02:28.874 [restartedMain] INFO  org.apache.catalina.core.StandardEngine - Starting Servlet engine: [Apache Tomcat/10.1.44]
2026-02-04 10:02:28.898 [restartedMain] INFO  org.apache.catalina.core.ContainerBase.[Tomcat].[localhost].[/] - Initializing Spring embedded WebApplicationContext
2026-02-04 10:02:29.191 [restartedMain] INFO  com.baomidou.mybatisplus.extension.spring.MybatisPlusApplicationContextAware - Register ApplicationContext instances org.springframework.boot.web.servlet.context.AnnotationConfigServletWebServerApplicationContext@ec5d423
2026-02-04 10:02:29.323 [restartedMain] INFO  org.apache.coyote.http11.Http11NioProtocol - Starting ProtocolHandler ["http-nio-8080"]
2026-02-04 10:02:29.337 [restartedMain] INFO  org.goden.svdemo.SvDemoApplication - Started SvDemoApplication in 1.425 seconds (process running for 2.001)
2026-02-04 10:02:39.084 [restartedMain] INFO  org.goden.svdemo.SvDemoApplication - Starting SvDemoApplication using Java 22.0.2 with PID 11576 (D:\GitLabProject\sv-demo\target\classes started by 13677 in D:\GitLabProject\sv-demo)
2026-02-04 10:02:39.089 [restartedMain] INFO  org.goden.svdemo.SvDemoApplication - No active profile set, falling back to 1 default profile: "default"
2026-02-04 10:02:39.752 [restartedMain] INFO  org.apache.coyote.http11.Http11NioProtocol - Initializing ProtocolHandler ["http-nio-8080"]
2026-02-04 10:02:39.754 [restartedMain] INFO  org.apache.catalina.core.StandardService - Starting service [Tomcat]
2026-02-04 10:02:39.754 [restartedMain] INFO  org.apache.catalina.core.StandardEngine - Starting Servlet engine: [Apache Tomcat/10.1.44]
2026-02-04 10:02:39.780 [restartedMain] INFO  org.apache.catalina.core.ContainerBase.[Tomcat].[localhost].[/] - Initializing Spring embedded WebApplicationContext
2026-02-04 10:02:40.076 [restartedMain] INFO  com.baomidou.mybatisplus.extension.spring.MybatisPlusApplicationContextAware - Register ApplicationContext instances org.springframework.boot.web.servlet.context.AnnotationConfigServletWebServerApplicationContext@75901e20
2026-02-04 10:02:40.261 [restartedMain] INFO  org.apache.coyote.http11.Http11NioProtocol - Starting ProtocolHandler ["http-nio-8080"]
2026-02-04 10:02:40.277 [restartedMain] INFO  org.goden.svdemo.SvDemoApplication - Started SvDemoApplication in 1.526 seconds (process running for 2.036)
2026-02-04 10:02:43.705 [tomcat-shutdown] INFO  org.apache.coyote.http11.Http11NioProtocol - Pausing ProtocolHandler ["http-nio-8080"]
2026-02-04 10:02:43.709 [Thread-5] INFO  org.apache.coyote.http11.Http11NioProtocol - Stopping ProtocolHandler ["http-nio-8080"]
2026-02-04 10:02:43.778 [restartedMain] INFO  org.goden.svdemo.SvDemoApplication - Starting SvDemoApplication using Java 22.0.2 with PID 11576 (D:\GitLabProject\sv-demo\target\classes started by 13677 in D:\GitLabProject\sv-demo)
2026-02-04 10:02:43.778 [restartedMain] INFO  org.goden.svdemo.SvDemoApplication - No active profile set, falling back to 1 default profile: "default"
2026-02-04 10:02:43.869 [restartedMain] WARN  org.mybatis.spring.mapper.ClassPathMapperScanner - No MyBatis mapper was found in '[org.goden.svdemo]' package. Please check your configuration.
2026-02-04 10:02:43.894 [restartedMain] INFO  org.apache.coyote.http11.Http11NioProtocol - Initializing ProtocolHandler ["http-nio-8080"]
2026-02-04 10:02:43.894 [restartedMain] INFO  org.apache.catalina.core.StandardService - Starting service [Tomcat]
2026-02-04 10:02:43.894 [restartedMain] INFO  org.apache.catalina.core.StandardEngine - Starting Servlet engine: [Apache Tomcat/10.1.44]
2026-02-04 10:02:43.901 [restartedMain] INFO  org.apache.catalina.core.ContainerBase.[Tomcat].[localhost].[/] - Initializing Spring embedded WebApplicationContext
2026-02-04 10:02:43.966 [restartedMain] INFO  com.baomidou.mybatisplus.extension.spring.MybatisPlusApplicationContextAware - Register ApplicationContext instances org.springframework.boot.web.servlet.context.AnnotationConfigServletWebServerApplicationContext@4a503e6f
2026-02-04 10:02:44.003 [restartedMain] INFO  org.apache.coyote.http11.Http11NioProtocol - Starting ProtocolHandler ["http-nio-8080"]
2026-02-04 10:02:44.008 [restartedMain] INFO  org.goden.svdemo.SvDemoApplication - Started SvDemoApplication in 0.26 seconds (process running for 5.766)
2026-02-04 10:02:53.064 [http-nio-8080-exec-1] INFO  org.apache.catalina.core.ContainerBase.[Tomcat].[localhost].[/] - Initializing Spring DispatcherServlet 'dispatcherServlet'
2026-02-04 11:53:19.241 [restartedMain] INFO  org.goden.svdemo.SvDemoApplication - Starting SvDemoApplication using Java 22.0.2 with PID 15972 (D:\GitLabProject\sv-demo\target\classes started by 13677 in D:\GitLabProject\sv-demo)
2026-02-04 11:53:19.254 [restartedMain] INFO  org.goden.svdemo.SvDemoApplication - No active profile set, falling back to 1 default profile: "default"
2026-02-04 11:53:20.288 [restartedMain] INFO  org.apache.coyote.http11.Http11NioProtocol - Initializing ProtocolHandler ["http-nio-8080"]
2026-02-04 11:53:20.290 [restartedMain] INFO  org.apache.catalina.core.StandardService - Starting service [Tomcat]
2026-02-04 11:53:20.290 [restartedMain] INFO  org.apache.catalina.core.StandardEngine - Starting Servlet engine: [Apache Tomcat/10.1.44]
2026-02-04 11:53:20.320 [restartedMain] INFO  org.apache.catalina.core.ContainerBase.[Tomcat].[localhost].[/] - Initializing Spring embedded WebApplicationContext
2026-02-04 11:53:20.696 [restartedMain] INFO  com.baomidou.mybatisplus.extension.spring.MybatisPlusApplicationContextAware - Register ApplicationContext instances org.springframework.boot.web.servlet.context.AnnotationConfigServletWebServerApplicationContext@22f51818
2026-02-04 11:53:20.779 [restartedMain] INFO  org.apache.coyote.http11.Http11NioProtocol - Starting ProtocolHandler ["http-nio-8080"]
2026-02-04 11:53:20.797 [restartedMain] INFO  org.goden.svdemo.SvDemoApplication - Started SvDemoApplication in 2.012 seconds (process running for 2.816)
2026-02-04 11:53:24.307 [http-nio-8080-exec-5] INFO  org.apache.catalina.core.ContainerBase.[Tomcat].[localhost].[/] - Initializing Spring DispatcherServlet 'dispatcherServlet'
2026-02-04 11:53:24.394 [http-nio-8080-exec-5] INFO  com.zaxxer.hikari.HikariDataSource - HikariPool-1 - Starting...
2026-02-04 11:53:24.458 [http-nio-8080-exec-5] INFO  com.zaxxer.hikari.pool.HikariPool - HikariPool-1 - Added connection org.mariadb.jdbc.Connection@313d597d
2026-02-04 11:53:24.459 [http-nio-8080-exec-5] INFO  com.zaxxer.hikari.HikariDataSource - HikariPool-1 - Start completed.
2026-02-04 11:54:46.530 [SpringApplicationShutdownHook] INFO  com.zaxxer.hikari.HikariDataSource - HikariPool-1 - Shutdown initiated...
2026-02-04 11:54:46.533 [SpringApplicationShutdownHook] INFO  com.zaxxer.hikari.HikariDataSource - HikariPool-1 - Shutdown completed.
